<?xml version="1.0" encoding="UTF-8"?>
<!-- Generated by org.testng.reporters.JUnitReportReporter -->
<testsuite hostname="DESKTOP-GC2GFVO" failures="0" tests="1" name="com.inetbanking.testcases.TC_AddNewCustomer_003" time="12.473" errors="0" timestamp="2020-10-14T12:05:01 IST" skipped="0">
  <testcase classname="com.inetbanking.testcases.TC_AddNewCustomer_003" name="addNewCustomer" time="12.473"/>
  <system-out/>
</testsuite> <!-- com.inetbanking.testcases.TC_AddNewCustomer_003 -->
